nohup: ignoring input

============================================================
  Self-Instruct Paraphrase v3 (fixed)
  Seeds     : 2 (of 1247 total)
  Target    : 60 Q&A pairs per seed
  Styles    : 12
============================================================


── Seed 1/2: Pea | Punjab | Disease ──
   Original Q: What are the typical root diseases affecting peas and what are the effective man...
  [1/60] Style=paraphrase_formal (call #1) ... /home/kritika/self_instruct/self_instruct_v3.py:429: DeprecationWarning: datetime.datetime.utcnow() is deprecated and scheduled for removal in a future version. Use timezone-aware objects to represent datetimes in UTC: datetime.datetime.now(datetime.UTC).
  "timestamp"         : datetime.utcnow().isoformat(),
✓ Q: What are the major root diseases that affect pea crops, and what are t...
  [2/60] Style=paraphrase_farmer_style (call #1) ... ✓ Q: Mera kheta mee pia ke akal me kya bimari hoti hai aur un par kaise kam...
  [3/60] Style=paraphrase_short (call #1) ... ✓ Q: How to manage pea root diseases?...
  [4/60] Style=paraphrase_problem_description (call #1) ... ✓ Q: My pea plants are showing yellowing leaves and the roots look dark and...
  [5/60] Style=paraphrase_followup (call #1) ... ✓ Q: How much Pseudomonas fluorescens should be used for seed treatment?...
  [6/60] Style=paraphrase_yes_no (call #1) ... ✓ Q: Is it effective to treat pea seeds with a Talc-based formulation of Ps...
  [7/60] Style=paraphrase_preventive (call #1) ... ✓ Q: How can the occurrence of root diseases in peas be prevented through p...
  [8/60] Style=paraphrase_comparison (call #1) ... ✓ Q: How does the management of Root rot caused by Fusarium oxysporum diffe...
  [9/60] Style=paraphrase_cause (call #1) ... ✓ Q: What causes root rot in pea plants and how does it affect their growth...
  [10/60] Style=paraphrase_quantity_focused (call #1) ... ✓ Q: What is the recommended dosage of Pseudomonas fluorescens for treating...
  [11/60] Style=paraphrase_timing_focused (call #1) ... ✓ Q: When should seed treatment with Pseudomonas fluorescens be done for pe...
  [12/60] Style=paraphrase_regional_hindi (call #1) ... ✓ Q: Peas ki fasal mein kya root rot ke bimari hain aur unka kya ilaj hai?...
  [13/60] Style=paraphrase_formal (call #2) ... ✓ Q: What are the primary root diseases that affect pea crops, and what are...
  [14/60] Style=paraphrase_farmer_style (call #2) ... ✓ Q: Khet mein maaal ke root bimari kyun hoti hai aur unke kharche kaise ka...
  [15/60] Style=paraphrase_short (call #2) ... ✓ Q: How long should crop rotation be for pea root disease control?...
  [16/60] Style=paraphrase_problem_description (call #2) ... ✓ Q: My pea plants are not growing well, and the roots look dark and decaye...
  [17/60] Style=paraphrase_followup (call #2) ... ✓ Q: How long should the crop rotation be for peas, and what are the best c...
  [18/60] Style=paraphrase_yes_no (call #2) ... ✓ Q: Is crop rotation for at least 3-4 years recommended to manage root dis...
  [19/60] Style=paraphrase_preventive (call #2) ... ✓ Q: How can root diseases in peas be prevented through proper crop rotatio...
  [20/60] Style=paraphrase_comparison (call #2) ... ✓ Q: How does crop rotation for 3-4 years help in managing root diseases in...
  [21/60] Style=paraphrase_cause (call #2) ... ✓ Q: Why does root rot occur in pea crops, and how does crop rotation help ...
  [22/60] Style=paraphrase_quantity_focused (call #2) ... ✓ Q: How long should a crop rotation period be for managing root diseases i...
  [23/60] Style=paraphrase_timing_focused (call #2) ... ✓ Q: How long should a crop rotation period be for peas to manage root dise...
  [24/60] Style=paraphrase_regional_hindi (call #2) ... ✓ Q: Peas ke khet mein kis tarah ke root rot ke bimari hote hain aur unke i...
  [25/60] Style=paraphrase_formal (call #3) ... ✓ Q: What is the optimal timing for applying management practices to mitiga...
  [26/60] Style=paraphrase_farmer_style (call #3) ... ✓ Q: khet me kya wajah se peas ke akar badal jate hain aur kaise rok sakte ...
  [27/60] Style=paraphrase_short (call #3) ... ✓ Q: When should Pseudomonas fluorescens be applied for pea root diseases?...
  [28/60] Style=paraphrase_problem_description (call #3) ... ✓ Q: My pea plants are showing stunted growth and the roots are turning dar...
  [29/60] Style=paraphrase_followup (call #3) ... ✓ Q: When should I apply the Pseudomonas fluorescens treatment for pea seed...
  [30/60] Style=paraphrase_yes_no (call #3) ... ✓ Q: Is crop rotation an effective strategy for managing root diseases in p...
  [31/60] Style=paraphrase_preventive (call #3) ... ✓ Q: How can the timing of seed application help prevent root diseases in p...
  [32/60] Style=paraphrase_comparison (call #3) ... ✓ Q: When should Pseudomonas fluorescens be applied for managing root disea...
  [33/60] Style=paraphrase_cause (call #3) ... ✓ Q: Why does the timing of seed application affect root diseases in peas?...
  [34/60] Style=paraphrase_quantity_focused (call #3) ... ✓ Q: When should the seed treatment with Pseudomonas fluorescens be done fo...
  [35/60] Style=paraphrase_timing_focused (call #3) ... duplicate — skipped
  [35/60] Style=paraphrase_regional_hindi (call #3) ... ✓ Q: Peas ki fasal mein root rot ke ilaj ke liye kya time par Pseudomonas f...
  [36/60] Style=paraphrase_formal (call #4) ... ✓ Q: What are the common root diseases affecting pea crops, and what are th...
  [37/60] Style=paraphrase_farmer_style (call #4) ... ✓ Q: khet me pea ke root me kya bimari hoti hai aur unka kaise upchaar kare...
  [38/60] Style=paraphrase_short (call #4) ... duplicate — skipped
  [38/60] Style=paraphrase_problem_description (call #4) ... duplicate — skipped
  [38/60] Style=paraphrase_followup (call #4) ... ✓ Q: How should the soil be prepared to manage root diseases in peas?...
  [39/60] Style=paraphrase_yes_no (call #4) ... ✓ Q: Is it recommended to use drip irrigation to manage root diseases in pe...
  [40/60] Style=paraphrase_preventive (call #4) ... ✓ Q: How can soil conditions be managed to prevent root diseases in peas?...
  [41/60] Style=paraphrase_comparison (call #4) ... ✓ Q: How do the management strategies for root diseases in peas differ base...
  [42/60] Style=paraphrase_cause (call #4) ... ✓ Q: Why do pea plants show symptoms of root rot and stunted growth in cert...
  [43/60] Style=paraphrase_quantity_focused (call #4) ... ✓ Q: How much Pseudomonas fluorescens should be used for seed treatment in ...
  [44/60] Style=paraphrase_timing_focused (call #4) ... ✓ Q: When should farmers apply Pseudomonas fluorescens to pea seeds to mana...
  [45/60] Style=paraphrase_regional_hindi (call #4) ... ✓ Q: Khet mei peas ki root rot bimari kyun hoti hai aur uska kya ilaj hai?...
  [46/60] Style=paraphrase_formal (call #5) ... ✓ Q: What root diseases affect peas and how can they be controlled?...
  [47/60] Style=paraphrase_farmer_style (call #5) ... ✓ Q: Mujhe pata nahi kyun mere chawal ke khet me root bimari ho rahi hai. K...
  [48/60] Style=paraphrase_short (call #5) ... ✓ Q: What are root diseases in peas and how to manage them?...
  [49/60] Style=paraphrase_problem_description (call #5) ... duplicate — skipped
  [49/60] Style=paraphrase_followup (call #5) ... ✓ Q: What are the symptoms of Fusarium root rot in peas?...
  [50/60] Style=paraphrase_yes_no (call #5) ... ✓ Q: Is Fusarium oxysporum a cause of root rot in peas?...
  [51/60] Style=paraphrase_preventive (call #5) ... ✓ Q: How can root diseases in peas be prevented?...
  [52/60] Style=paraphrase_comparison (call #5) ... ✓ Q: How do the symptoms of Fusarium and Rhizoctonia root rot in peas diffe...
  [53/60] Style=paraphrase_cause (call #5) ... ✓ Q: What causes the roots of pea plants to turn black and rot?...
  [54/60] Style=paraphrase_quantity_focused (call #5) ... ✓ Q: How much Pseudomonas fluorescens should be used to treat pea seeds?...
  [55/60] Style=paraphrase_timing_focused (call #5) ... ✓ Q: When should I apply Pseudomonas fluorescens to control root diseases i...
  [56/60] Style=paraphrase_regional_hindi (call #5) ... ✓ Q: Peas ke akar me kya bimari hoti hai aur unke ilaj ke kya upay hai?...
  [57/60] Style=paraphrase_formal (call #6) ... ✓ Q: What is the recommended seed treatment method for managing root diseas...
  [58/60] Style=paraphrase_farmer_style (call #6) ... ✓ Q: khet me pea kheti kar raha hu, root bimari ho rahi hai, kaise pata cha...
  [59/60] Style=paraphrase_short (call #6) ... ✓ Q: How to treat pea seeds before sowing?...
  [60/60] Style=paraphrase_problem_description (call #6) ... ✓ Q: My pea seedlings are not growing well, and some are dying soon after e...

   ✅ Seed 1 done — 60 unique pairs

── Seed 2/2: Maize Makka | Punjab | Fertilizer and Nutrient ──
   Original Q: What is the recommended foliar spray composition of NPK 20:20:13 and magnesium S...
  [1/60] Style=paraphrase_formal (call #1) ... ✓ Q: What is the appropriate foliar spray composition involving NPK 20:20:1...
  [2/60] Style=paraphrase_farmer_style (call #1) ... ✓ Q: Makka khet mein NPK 20:20:13 aur magnesium sulphate ka kya spray ka co...
  [3/60] Style=paraphrase_short (call #1) ... ✓ Q: How much NPK 20:20:13 and magnesium sulphate should be used per acre f...
  [4/60] Style=paraphrase_problem_description (call #1) ... ✓ Q: My maize plants are showing yellowing leaves and poor growth — what sh...
  [5/60] Style=paraphrase_followup (call #1) ... ✓ Q: How much magnesium sulphate should be used in a foliar spray for maize...
  [6/60] Style=paraphrase_yes_no (call #1) ... ✓ Q: Is it recommended to use NP(S) 20-20-0-13 fertilizer as a foliar spray...
  [7/60] Style=paraphrase_preventive (call #1) ... ✓ Q: How can farmers prevent nutrient deficiency in maize crops while apply...
  [8/60] Style=paraphrase_comparison (call #1) ... ✓ Q: What is the difference between using NP(S) 20-20-0-13 and magnesium su...
  [9/60] Style=paraphrase_cause (call #1) ... ✓ Q: Why is NP(S) 20-20-0-13 not recommended for foliar spray in maize?...
  [10/60] Style=paraphrase_quantity_focused (call #1) ... ✓ Q: What is the recommended dosage of NP(S) 20-20-0-13 fertilizer for maiz...
  [11/60] Style=paraphrase_timing_focused (call #1) ... ✓ Q: When should NP(S) 20-20-13 fertilizer be applied for maize crop?...
  [12/60] Style=paraphrase_regional_hindi (call #1) ... ✓ Q: Makka ke khet me NPK 20:20:13 ka foliar spray kaise karna chahiye?...
  [13/60] Style=paraphrase_formal (call #2) ... ✓ Q: What is the recommended composition of NP(S) 20-20-13 fertilizer and m...
  [14/60] Style=paraphrase_farmer_style (call #2) ... ✓ Q: Makka ke kheta mein NPK 20:20:13 aur magnesium sulphate ki kya jaroora...
  [15/60] Style=paraphrase_short (call #2) ... ✓ Q: How long should crop rotation last for maize?...
  [16/60] Style=paraphrase_problem_description (call #2) ... ✓ Q: My maize crop is showing yellowing leaves and poor growth — what shoul...
  [17/60] Style=paraphrase_followup (call #2) ... ✓ Q: How long should the crop rotation be if I use NP(S) 20-20-0-13 fertili...
  [18/60] Style=paraphrase_yes_no (call #2) ... ✓ Q: Is it recommended to use NP(S) 20-20-0-13 fertilizer as a foliar spray...
  [19/60] Style=paraphrase_preventive (call #2) ... ✓ Q: How can farmers prevent the risk of phytotoxic effects when applying N...
  [20/60] Style=paraphrase_comparison (call #2) ... ✓ Q: How does the use of NP(S) 20-20-0-13 compare to magnesium sulphate in ...
  [21/60] Style=paraphrase_cause (call #2) ... ✓ Q: What causes the need for soil application of NP(S) 20-20-0-13 instead ...
  [22/60] Style=paraphrase_quantity_focused (call #2) ... ✓ Q: How long should the crop rotation duration be for maize in Punjab?...
  [23/60] Style=paraphrase_timing_focused (call #2) ... ✓ Q: When should NP(S) 20-20-0-13 fertilizer be applied for maize in Punjab...
  [24/60] Style=paraphrase_regional_hindi (call #2) ... ✓ Q: Makka ke khet mein NP(S) 20-20-13 ka kya istemal karte hain aur kya is...
  [25/60] Style=paraphrase_formal (call #3) ... ✓ Q: What is the appropriate timing for the application of NP(S) 20-20-13 f...
  [26/60] Style=paraphrase_farmer_style (call #3) ... ✓ Q: Makka ke khete me kya wakt par NP(S) 20-20-13 ki dawai lagani chahiye?...
  [27/60] Style=paraphrase_short (call #3) ... ✓ Q: When should NP(S) 20-20-13 be applied for maize?...
  [28/60] Style=paraphrase_problem_description (call #3) ... ✓ Q: My maize plants are showing yellowing between the veins and poor growt...
  [29/60] Style=paraphrase_followup (call #3) ... ✓ Q: When should NP(S) 20-20-0-13 be applied during the crop cycle?...
  [30/60] Style=paraphrase_yes_no (call #3) ... ✓ Q: Can NP(S) 20-20-0-13 fertilizer be used as a foliar spray for maize?...
  [31/60] Style=paraphrase_preventive (call #3) ... ✓ Q: How can the timing of NP(S) 20-20-13 fertilizer application be optimiz...
  [32/60] Style=paraphrase_comparison (call #3) ... ✓ Q: When should NP(S) 20-20-0-13 and magnesium sulphate be applied for mai...
  [33/60] Style=paraphrase_cause (call #3) ... ✓ Q: Why should NP(S) 20-20-0-13 not be used as a foliar spray for maize cr...
  [34/60] Style=paraphrase_quantity_focused (call #3) ... ✓ Q: When should magnesium sulphate be applied to the maize crop in Punjab?...
  [35/60] Style=paraphrase_timing_focused (call #3) ... duplicate — skipped
  [35/60] Style=paraphrase_regional_hindi (call #3) ... ✓ Q: Makka ke khet mein NP(S) 20-20-13 ka application kise time karna chahi...
  [36/60] Style=paraphrase_formal (call #4) ... ✓ Q: What is the recommended composition of NP(S) 20-20-13 fertilizer and m...
  [37/60] Style=paraphrase_farmer_style (call #4) ... ✓ Q: Makka ke khet me NPK 20:20:13 ka kya dawai ka mix karne ki jaroorat ha...
  [38/60] Style=paraphrase_short (call #4) ... ✓ Q: How to apply NP(S) 20-20-13 for maize?...
  [39/60] Style=paraphrase_problem_description (call #4) ... ✓ Q: The soil in my maize field is not responding well, and the plants are ...
  [40/60] Style=paraphrase_followup (call #4) ... ✓ Q: How should the soil be prepared before applying NP(S) 20-20-0-13 ferti...
  [41/60] Style=paraphrase_yes_no (call #4) ... ✓ Q: Is NP(S) 20-20-0-13 fertilizer recommended for foliar spray for maize ...
  [42/60] Style=paraphrase_preventive (call #4) ... ✓ Q: How can farmers prevent sulphur deficiency in maize crops through prop...
  [43/60] Style=paraphrase_comparison (call #4) ... ✓ Q: How does the application method of NP(S) 20-20-13 fertilizer differ fr...
  [44/60] Style=paraphrase_cause (call #4) ... ✓ Q: Why is the NP(S) 20-20-0-13 fertilizer not recommended for foliar spra...
  [45/60] Style=paraphrase_quantity_focused (call #4) ... ✓ Q: How much magnesium sulphate should be used per liter of water for maiz...
  [46/60] Style=paraphrase_timing_focused (call #4) ... duplicate — skipped
  [46/60] Style=paraphrase_regional_hindi (call #4) ... ✓ Q: Makka ke khet me 20:20:13 NPK ka kya ilaj hai aur kya kya aisa fertili...
  [47/60] Style=paraphrase_formal (call #5) ... ✓ Q: What is the correct foliar spray composition for NPK 20:20:13 and magn...
  [48/60] Style=paraphrase_farmer_style (call #5) ... duplicate — skipped
  [48/60] Style=paraphrase_short (call #5) ... duplicate — skipped
  [48/60] Style=paraphrase_problem_description (call #5) ... duplicate — skipped
  [48/60] Style=paraphrase_followup (call #5) ... ✓ Q: What are the symptoms of sulphur deficiency in maize?...
  [49/60] Style=paraphrase_yes_no (call #5) ... duplicate — skipped
  [49/60] Style=paraphrase_preventive (call #5) ... ✓ Q: How can farmers prevent sulphur deficiency in maize crops?...
  [50/60] Style=paraphrase_comparison (call #5) ... ✓ Q: How is NP(S) 20-20-0-13 different from magnesium sulphate for maize?...
  [51/60] Style=paraphrase_cause (call #5) ... ✓ Q: Why is NP(S) 20-20-0-13 not recommended for foliar spray?...
  [52/60] Style=paraphrase_quantity_focused (call #5) ... duplicate — skipped
  [52/60] Style=paraphrase_timing_focused (call #5) ... ✓ Q: When should NP(S) 20-20-0-13 be applied for maize?...
  [53/60] Style=paraphrase_regional_hindi (call #5) ... ✓ Q: Makka ki kheta mein NPK 20:20:13 ka kya ilaj hai?...
  [54/60] Style=paraphrase_formal (call #6) ... ✓ Q: What is the recommended method for applying NP(S) 20-20-0-13 fertilize...
  [55/60] Style=paraphrase_farmer_style (call #6) ... ✓ Q: Kab mai makka ke khet me NPS 20-20-13 ka uthaana chahiye aur kaise kar...
  [56/60] Style=paraphrase_short (call #6) ... ✓ Q: How to apply NP(S) 20-20-13 fertilizer for maize?...
  [57/60] Style=paraphrase_problem_description (call #6) ... duplicate — skipped
  [57/60] Style=paraphrase_followup (call #6) ... ✓ Q: How should NP(S) 20-20-0-13 be applied during sowing?...
  [58/60] Style=paraphrase_yes_no (call #6) ... duplicate — skipped
  [58/60] Style=paraphrase_preventive (call #6) ... ✓ Q: How should NP(S) 20-20-13 fertilizer be applied to prevent nutrient de...
  [59/60] Style=paraphrase_comparison (call #6) ... ✓ Q: How should NP(S) 20-20-0-13 and magnesium sulphate be applied, and wha...
  [60/60] Style=paraphrase_cause (call #6) ... ✓ Q: Why is the NP(S) 20-20-0-13 fertilizer not recommended for foliar spra...

   ✅ Seed 2 done — 60 unique pairs

============================================================
  DONE — 120 unique pairs generated
  Duplicates rejected : 13
  Skipped (null/loop) : 0
  Per-style breakdown:
    paraphrase_cause                   : 11
    paraphrase_comparison              : 11
    paraphrase_farmer_style            : 11
    paraphrase_followup                : 11
    paraphrase_formal                  : 12
    paraphrase_preventive              : 11
    paraphrase_problem_description     : 8
    paraphrase_quantity_focused        : 9
    paraphrase_regional_hindi          : 10
    paraphrase_short                   : 10
    paraphrase_timing_focused          : 7
    paraphrase_yes_no                  : 9

  Output JSON : /home/kritika/self_instruct/paraphrase_v3.json
  Output CSV  : /home/kritika/self_instruct/paraphrase_v3.csv
  Log         : /home/kritika/self_instruct/paraphrase_v3_log.txt
============================================================

